Cocos2d: 
<dict>
	cocos2d.x.version: quick-cocos2d-x 2.2.5
	cocos2d.x.compiled_with_profiler: false
	cocos2d.x.compiled_with_gl_state_cache: true
	gl.vendor: NVIDIA Corporation
	gl.renderer: NVIDIA GeForce 310 OpenGL Engine
	gl.version: 2.1 NVIDIA-8.24.13 310.90.9.05f01
	gl.max_texture_size: 8192
	gl.max_texture_units: 16
	gl.supports_PVRTC: false
	gl.supports_NPOT: true
	gl.supports_BGRA8888: false
	gl.supports_discard_framebuffer: false
	gl.supports_vertex_array_object: true
</dict>
Cocos2d: lua_loadChunksFromZIP() - load zip file: /Users/user/Documents/quick-cocos2d-x-2.2.5/lib/framework_precompiled/framework_precompiled.zip
Cocos2d: lua_loadChunksFromZIP() - loaded chunks count: 108
Cocos2d: ------------------------------------------------
Cocos2d: LOAD LUA FILE: /Users/user/Documents/quick-cocos2d-x-2.2.5/samples/2048/scripts/main.lua
Cocos2d: ------------------------------------------------
Cocos2d: Get data from file(res/framework_precompiled.zip) failed!
Cocos2d: lua_loadChunksFromZIP() - not found or invalid zip file: res/framework_precompiled.zip
Cocos2d: [0.0242] [INFO] 
Cocos2d: [0.0243] [INFO] # DEBUG                        = 0
Cocos2d: [0.0243] [INFO] #
Cocos2d: [0.0243] [INFO] # device.platform              = mac
Cocos2d: [0.0243] [INFO] # device.model                 = unknown
Cocos2d: [0.0243] [INFO] # device.language              = cn
Cocos2d: [0.0243] [INFO] # device.writablePath          = /Users/user/Documents/quick-cocos2d-x-2.2.5/samples/2048/
Cocos2d: [0.0244] [INFO] # device.cachePath             = /Users/user/Documents/quick-cocos2d-x-2.2.5/samples/2048/
Cocos2d: [0.0244] [INFO] # device.directorySeparator    = /
Cocos2d: [0.0244] [INFO] # device.pathSeparator         = :
Cocos2d: [0.0244] [INFO] #
Cocos2d: [0.0258] [INFO] # CONFIG_SCREEN_AUTOSCALE      = FIXED_WIDTH
Cocos2d: [0.0259] [INFO] # CONFIG_SCREEN_WIDTH          = 640.00
Cocos2d: [0.0259] [INFO] # CONFIG_SCREEN_HEIGHT         = 960.00
Cocos2d: [0.0259] [INFO] # display.widthInPixels        = 640.00
Cocos2d: [0.0259] [INFO] # display.heightInPixels       = 960.00
Cocos2d: [0.0259] [INFO] # display.contentScaleFactor   = 1.00
Cocos2d: [0.0259] [INFO] # display.width                = 640.00
Cocos2d: [0.0259] [INFO] # display.height               = 960.00
Cocos2d: [0.0259] [INFO] # display.cx                   = 320.00
Cocos2d: [0.0259] [INFO] # display.cy                   = 480.00
Cocos2d: [0.0259] [INFO] # display.left                 = 0.00
Cocos2d: [0.0259] [INFO] # display.right                = 640.00
Cocos2d: [0.0259] [INFO] # display.top                  = 960.00
Cocos2d: [0.0259] [INFO] # display.bottom               = 0.00
Cocos2d: [0.0260] [INFO] # display.c_left               = -320.00
Cocos2d: [0.0260] [INFO] # display.c_right              = 320.00
Cocos2d: [0.0260] [INFO] # display.c_top                = 480.00
Cocos2d: [0.0260] [INFO] # display.c_bottom             = -480.00
Cocos2d: [0.0260] [INFO] #
Cocos2d: old path------> /
Cocos2d: path check OK------> /Users/user/Documents/quick-cocos2d-x-2.2.5/samples/2048/upd/
Cocos2d: ----------------------------------------UpdateScene:endProcess
Cocos2d: [10.1573] ==============moveDown===============
Cocos2d: [10.1574] 
-------------------------------------
|        |        |        |        |
-------------------------------------
|   2    |        |        |        |
-------------------------------------
|        |        |        |        |
-------------------------------------
|        |   4    |        |        |
-------------------------------------
Cocos2d: [53.7561] ==============moveDown===============
Cocos2d: [53.7562] 
-------------------------------------
|        |        |        |        |
-------------------------------------
|        |        |        |        |
-------------------------------------
|        |        |   2    |        |
-------------------------------------
|   2    |   4    |        |        |
-------------------------------------
Cocos2d: [57.1500] ==============moveLeft===============
Cocos2d: [57.1502] 
-------------------------------------
|        |        |        |        |
-------------------------------------
|        |        |        |        |
-------------------------------------
|   2    |        |        |        |
-------------------------------------
|   2    |   4    |   2    |        |
-------------------------------------
Cocos2d: [57.8061] ==============moveDown===============
Cocos2d: [57.8063] 
-------------------------------------
|        |        |        |        |
-------------------------------------
|        |        |        |        |
-------------------------------------
|        |   2    |        |        |
-------------------------------------
|   4    |   4    |   2    |        |
-------------------------------------
Cocos2d: [58.3500] ==============moveLeft===============
Cocos2d: [58.3501] 
-------------------------------------
|        |        |        |        |
-------------------------------------
|        |        |        |        |
-------------------------------------
|   2    |        |   2    |        |
-------------------------------------
|   8    |   2    |        |        |
-------------------------------------
Cocos2d: [59.3266] ==============moveDown===============
Cocos2d: [59.3267] 
-------------------------------------
|        |        |        |        |
-------------------------------------
|        |        |   2    |        |
-------------------------------------
|   2    |        |        |        |
-------------------------------------
|   8    |   2    |   2    |        |
-------------------------------------
Cocos2d: [59.7181] ==============moveLeft===============
Cocos2d: [59.7182] 
-------------------------------------
|        |        |        |        |
-------------------------------------
|   2    |        |        |        |
-------------------------------------
|   2    |        |        |        |
-------------------------------------
|   8    |   4    |   2    |        |
-------------------------------------
Cocos2d: [60.3181] ==============moveDown===============
Cocos2d: [60.3182] 
-------------------------------------
|        |        |        |        |
-------------------------------------
|        |        |   2    |        |
-------------------------------------
|   4    |        |        |        |
-------------------------------------
|   8    |   4    |   2    |        |
-------------------------------------
Cocos2d: [61.4781] ==============moveDown===============
Cocos2d: [61.4782] 
-------------------------------------
|        |        |        |        |
-------------------------------------
|        |        |   2    |        |
-------------------------------------
|   4    |        |        |        |
-------------------------------------
|   8    |   4    |   4    |        |
-------------------------------------
Cocos2d: [61.8782] ==============moveRight==============
Cocos2d: [61.8783] 
-------------------------------------
|        |        |        |        |
-------------------------------------
|        |        |        |   2    |
-------------------------------------
|        |        |        |   4    |
-------------------------------------
|   2    |        |   8    |   8    |
-------------------------------------
Cocos2d: [62.3342] ==============moveDown===============
Cocos2d: [62.3343] 
-------------------------------------
|        |        |        |        |
-------------------------------------
|        |        |   2    |   2    |
-------------------------------------
|        |        |        |   4    |
-------------------------------------
|   2    |        |   8    |   8    |
-------------------------------------
Cocos2d: [62.7895] ==============moveLeft===============
Cocos2d: [62.7896] 
-------------------------------------
|        |        |   2    |        |
-------------------------------------
|   4    |        |        |        |
-------------------------------------
|   4    |        |        |        |
-------------------------------------
|   2    |   16   |        |        |
-------------------------------------
Cocos2d: [63.3427] ==============moveDown===============
Cocos2d: [63.3428] 
-------------------------------------
|        |        |        |        |
-------------------------------------
|        |        |        |        |
-------------------------------------
|   8    |   2    |        |        |
-------------------------------------
|   2    |   16   |   2    |        |
-------------------------------------
Cocos2d: [63.7427] ==============moveRight==============
Cocos2d: [63.7428] 
-------------------------------------
|   2    |        |        |        |
-------------------------------------
|        |        |        |        |
-------------------------------------
|        |        |   8    |   2    |
-------------------------------------
|        |   2    |   16   |   2    |
-------------------------------------
Cocos2d: [64.1662] ==============moveDown===============
Cocos2d: [64.1664] 
-------------------------------------
|        |        |        |        |
-------------------------------------
|        |        |        |        |
-------------------------------------
|        |   2    |   8    |        |
-------------------------------------
|   2    |   2    |   16   |   4    |
-------------------------------------
Cocos2d: [65.3823] ==============moveDown===============
Cocos2d: [65.3824] 
-------------------------------------
|   2    |        |        |        |
-------------------------------------
|        |        |        |        |
-------------------------------------
|        |        |   8    |        |
-------------------------------------
|   2    |   4    |   16   |   4    |
-------------------------------------
Cocos2d: [69.2783] ==============moveRight==============
Cocos2d: [69.2784] 
-------------------------------------
|        |        |        |   2    |
-------------------------------------
|        |        |        |        |
-------------------------------------
|        |        |   2    |   8    |
-------------------------------------
|   2    |   4    |   16   |   4    |
-------------------------------------
Cocos2d: [70.1428] ==============moveDown===============
Cocos2d: [70.1430] 
-------------------------------------
|        |        |        |        |
-------------------------------------
|   2    |        |        |   2    |
-------------------------------------
|        |        |   2    |   8    |
-------------------------------------
|   2    |   4    |   16   |   4    |
-------------------------------------
Cocos2d: [70.5663] ==============moveLeft===============
Cocos2d: [70.5665] 
-------------------------------------
|        |        |        |        |
-------------------------------------
|   4    |        |        |        |
-------------------------------------
|   2    |   8    |   2    |        |
-------------------------------------
|   2    |   4    |   16   |   4    |
-------------------------------------
Cocos2d: [71.0544] ==============moveDown===============
Cocos2d: [71.0546] 
-------------------------------------
|        |        |        |        |
-------------------------------------
|        |        |   4    |        |
-------------------------------------
|   4    |   8    |   2    |        |
-------------------------------------
|   4    |   4    |   16   |   4    |
-------------------------------------
Cocos2d: [72.5184] ==============moveRight==============
Cocos2d: [72.5185] 
-------------------------------------
|   4    |        |        |        |
-------------------------------------
|        |        |        |   4    |
-------------------------------------
|        |   4    |   8    |   2    |
-------------------------------------
|        |   8    |   16   |   4    |
-------------------------------------
Cocos2d: [73.3024] ==============moveLeft===============
Cocos2d: [73.3025] 
-------------------------------------
|   4    |        |        |        |
-------------------------------------
|   4    |   2    |        |        |
-------------------------------------
|   4    |   8    |   2    |        |
-------------------------------------
|   8    |   16   |   4    |        |
-------------------------------------
Cocos2d: [74.1745] ==============moveDown===============
Cocos2d: [74.1746] 
-------------------------------------
|        |        |        |        |
-------------------------------------
|   4    |   2    |        |   4    |
-------------------------------------
|   8    |   8    |   2    |        |
-------------------------------------
|   8    |   16   |   4    |        |
-------------------------------------
Cocos2d: [84.6228] ==============moveDown===============
Cocos2d: [84.6228] 
-------------------------------------
|   2    |        |        |        |
-------------------------------------
|        |   2    |        |        |
-------------------------------------
|   4    |   8    |   2    |        |
-------------------------------------
|   16   |   16   |   4    |   4    |
-------------------------------------
Cocos2d: [86.1987] ==============moveLeft===============
Cocos2d: [86.1989] 
-------------------------------------
|   2    |        |        |        |
-------------------------------------
|   2    |   2    |        |        |
-------------------------------------
|   4    |   8    |   2    |        |
-------------------------------------
|   32   |   8    |        |        |
-------------------------------------
Cocos2d: [86.7273] ==============moveDown===============
Cocos2d: [86.7274] 
-------------------------------------
|        |        |        |        |
-------------------------------------
|   4    |        |   2    |        |
-------------------------------------
|   4    |   2    |        |        |
-------------------------------------
|   32   |   16   |   2    |        |
-------------------------------------
Cocos2d: [87.1908] ==============moveDown===============
Cocos2d: [87.1909] 
-------------------------------------
|        |        |        |        |
-------------------------------------
|        |        |        |        |
-------------------------------------
|   8    |   2    |   2    |        |
-------------------------------------
|   32   |   16   |   4    |        |
-------------------------------------
Cocos2d: [87.5748] ==============moveDown===============
Cocos2d: [87.5750] 
-------------------------------------
|        |        |        |        |
-------------------------------------
|        |        |        |   4    |
-------------------------------------
|   8    |   2    |   2    |        |
-------------------------------------
|   32   |   16   |   4    |        |
-------------------------------------
Cocos2d: [87.9111] ==============moveDown===============
Cocos2d: [87.9113] 
-------------------------------------
|        |        |        |        |
-------------------------------------
|        |        |        |   2    |
-------------------------------------
|   8    |   2    |   2    |        |
-------------------------------------
|   32   |   16   |   4    |   4    |
-------------------------------------
Cocos2d: [88.2948] ==============moveLeft===============
Cocos2d: [88.2949] 
-------------------------------------
|        |        |        |        |
-------------------------------------
|   2    |        |        |        |
-------------------------------------
|   8    |   4    |        |   2    |
-------------------------------------
|   32   |   16   |   8    |        |
-------------------------------------
Cocos2d: [88.7273] ==============moveLeft===============
Cocos2d: [88.7274] 
-------------------------------------
|        |        |        |        |
-------------------------------------
|   2    |        |   2    |        |
-------------------------------------
|   8    |   4    |   2    |        |
-------------------------------------
|   32   |   16   |   8    |        |
-------------------------------------
Cocos2d: [89.2068] ==============moveLeft===============
Cocos2d: [89.2070] 
-------------------------------------
|        |   2    |        |        |
-------------------------------------
|   4    |        |        |        |
-------------------------------------
|   8    |   4    |   2    |        |
-------------------------------------
|   32   |   16   |   8    |        |
-------------------------------------
Cocos2d: [89.8069] ==============moveDown===============
Cocos2d: [89.8070] 
-------------------------------------
|        |        |   2    |        |
-------------------------------------
|   4    |   2    |        |        |
-------------------------------------
|   8    |   4    |   2    |        |
-------------------------------------
|   32   |   16   |   8    |        |
-------------------------------------
Cocos2d: [90.2229] ==============moveRight==============
Cocos2d: [90.2230] 
-------------------------------------
|   4    |        |        |   2    |
-------------------------------------
|        |        |   4    |   2    |
-------------------------------------
|        |   8    |   4    |   2    |
-------------------------------------
|        |   32   |   16   |   8    |
-------------------------------------
Cocos2d: [90.6868] ==============moveDown===============
Cocos2d: [90.6870] 
-------------------------------------
|        |        |        |        |
-------------------------------------
|        |        |   2    |   2    |
-------------------------------------
|        |   8    |   8    |   4    |
-------------------------------------
|   4    |   32   |   16   |   8    |
-------------------------------------
Cocos2d: [93.4149] ==============moveRight==============
Cocos2d: [93.4150] 
-------------------------------------
|   2    |        |        |        |
-------------------------------------
|        |        |        |   4    |
-------------------------------------
|        |        |   16   |   4    |
-------------------------------------
|   4    |   32   |   16   |   8    |
-------------------------------------
Cocos2d: [106.0953] ==============moveDown===============
Cocos2d: [106.0954] 
-------------------------------------
|   2    |        |        |        |
-------------------------------------
|        |        |        |        |
-------------------------------------
|   2    |        |        |   8    |
-------------------------------------
|   4    |   32   |   32   |   8    |
-------------------------------------
Cocos2d: [106.9433] ==============moveDown===============
Cocos2d: [106.9434] 
-------------------------------------
|        |        |        |   2    |
-------------------------------------
|        |        |        |        |
-------------------------------------
|   4    |        |        |        |
-------------------------------------
|   4    |   32   |   32   |   16   |
-------------------------------------
Cocos2d: [107.3192] ==============moveDown===============
Cocos2d: [107.3193] 
-------------------------------------
|        |        |        |   2    |
-------------------------------------
|        |        |        |        |
-------------------------------------
|        |        |        |   2    |
-------------------------------------
|   8    |   32   |   32   |   16   |
-------------------------------------
Cocos2d: [107.6716] ==============moveDown===============
Cocos2d: [107.6718] 
-------------------------------------
|        |        |        |        |
-------------------------------------
|        |        |        |        |
-------------------------------------
|        |        |   2    |   4    |
-------------------------------------
|   8    |   32   |   32   |   16   |
-------------------------------------
Cocos2d: [107.9833] ==============moveDown===============
Cocos2d: [107.9834] 
-------------------------------------
|        |        |        |        |
-------------------------------------
|        |        |        |   2    |
-------------------------------------
|        |        |   2    |   4    |
-------------------------------------
|   8    |   32   |   32   |   16   |
-------------------------------------
Cocos2d: [108.2552] ==============moveDown===============
Cocos2d: [108.2554] 
-------------------------------------
|        |        |        |   2    |
-------------------------------------
|        |        |        |   2    |
-------------------------------------
|        |        |   2    |   4    |
-------------------------------------
|   8    |   32   |   32   |   16   |
-------------------------------------
Cocos2d: [108.5193] ==============moveDown===============
Cocos2d: [108.5194] 
-------------------------------------
|        |        |        |        |
-------------------------------------
|        |        |        |   4    |
-------------------------------------
|        |   4    |   2    |   4    |
-------------------------------------
|   8    |   32   |   32   |   16   |
-------------------------------------
Cocos2d: [108.7993] ==============moveDown===============
Cocos2d: [108.7994] 
-------------------------------------
|        |        |        |        |
-------------------------------------
|        |        |        |   2    |
-------------------------------------
|        |   4    |   2    |   8    |
-------------------------------------
|   8    |   32   |   32   |   16   |
-------------------------------------
Cocos2d: [109.0716] ==============moveDown===============
Cocos2d: [109.0718] 
-------------------------------------
|        |        |        |        |
-------------------------------------
|        |   2    |        |   2    |
-------------------------------------
|        |   4    |   2    |   8    |
-------------------------------------
|   8    |   32   |   32   |   16   |
-------------------------------------
Cocos2d: [109.3118] ==============moveDown===============
Cocos2d: [109.3119] 
-------------------------------------
|        |        |   2    |        |
-------------------------------------
|        |   2    |        |   2    |
-------------------------------------
|        |   4    |   2    |   8    |
-------------------------------------
|   8    |   32   |   32   |   16   |
-------------------------------------
Cocos2d: [109.5433] ==============moveDown===============
Cocos2d: [109.5434] 
-------------------------------------
|        |        |        |        |
-------------------------------------
|        |   2    |   2    |   2    |
-------------------------------------
|        |   4    |   4    |   8    |
-------------------------------------
|   8    |   32   |   32   |   16   |
-------------------------------------
Cocos2d: [109.8873] ==============moveLeft===============
Cocos2d: [109.8874] 
-------------------------------------
|        |        |        |        |
-------------------------------------
|   4    |   2    |        |   2    |
-------------------------------------
|   8    |   8    |        |        |
-------------------------------------
|   8    |   64   |   16   |        |
-------------------------------------
Cocos2d: [110.1833] ==============moveLeft===============
Cocos2d: [110.1835] 
-------------------------------------
|        |        |        |        |
-------------------------------------
|   4    |   4    |        |        |
-------------------------------------
|   16   |        |        |        |
-------------------------------------
|   8    |   64   |   16   |   2    |
-------------------------------------
Cocos2d: [110.4473] ==============moveLeft===============
Cocos2d: [110.4474] 
-------------------------------------
|        |   2    |        |        |
-------------------------------------
|   8    |        |        |        |
-------------------------------------
|   16   |        |        |        |
-------------------------------------
|   8    |   64   |   16   |   2    |
-------------------------------------
Cocos2d: [110.6794] ==============moveLeft===============
Cocos2d: [110.6795] 
-------------------------------------
|   2    |        |        |        |
-------------------------------------
|   8    |        |        |        |
-------------------------------------
|   16   |   2    |        |        |
-------------------------------------
|   8    |   64   |   16   |   2    |
-------------------------------------
Cocos2d: [110.9034] ==============moveLeft===============
Cocos2d: [110.9035] 
-------------------------------------
|   2    |        |   2    |        |
-------------------------------------
|   8    |        |        |        |
-------------------------------------
|   16   |   2    |        |        |
-------------------------------------
|   8    |   64   |   16   |   2    |
-------------------------------------
Cocos2d: [111.1433] ==============moveLeft===============
Cocos2d: [111.1434] 
-------------------------------------
|   4    |        |        |        |
-------------------------------------
|   8    |        |        |        |
-------------------------------------
|   16   |   2    |   4    |        |
-------------------------------------
|   8    |   64   |   16   |   2    |
-------------------------------------
Cocos2d: [111.3914] ==============moveLeft===============
Cocos2d: [111.3915] 
-------------------------------------
|   4    |        |        |        |
-------------------------------------
|   8    |   2    |        |        |
-------------------------------------
|   16   |   2    |   4    |        |
-------------------------------------
|   8    |   64   |   16   |   2    |
-------------------------------------
Cocos2d: [111.6154] ==============moveLeft===============
Cocos2d: [111.6155] 
-------------------------------------
|   4    |        |   4    |        |
-------------------------------------
|   8    |   2    |        |        |
-------------------------------------
|   16   |   2    |   4    |        |
-------------------------------------
|   8    |   64   |   16   |   2    |
-------------------------------------
Cocos2d: [111.8394] ==============moveLeft===============
Cocos2d: [111.8395] 
-------------------------------------
|   8    |        |        |        |
-------------------------------------
|   8    |   2    |        |   2    |
-------------------------------------
|   16   |   2    |   4    |        |
-------------------------------------
|   8    |   64   |   16   |   2    |
-------------------------------------
Cocos2d: [112.0717] ==============moveLeft===============
Cocos2d: [112.0718] 
-------------------------------------
|   8    |        |        |   2    |
-------------------------------------
|   8    |   4    |        |        |
-------------------------------------
|   16   |   2    |   4    |        |
-------------------------------------
|   8    |   64   |   16   |   2    |
-------------------------------------
Cocos2d: [112.2794] ==============moveLeft===============
Cocos2d: [112.2795] 
-------------------------------------
|   8    |   2    |        |        |
-------------------------------------
|   8    |   4    |        |   2    |
-------------------------------------
|   16   |   2    |   4    |        |
-------------------------------------
|   8    |   64   |   16   |   2    |
-------------------------------------
Cocos2d: [112.5193] ==============moveLeft===============
Cocos2d: [112.5194] 
-------------------------------------
|   8    |   2    |   2    |        |
-------------------------------------
|   8    |   4    |   2    |        |
-------------------------------------
|   16   |   2    |   4    |        |
-------------------------------------
|   8    |   64   |   16   |   2    |
-------------------------------------
Cocos2d: [112.7354] ==============moveLeft===============
Cocos2d: [112.7355] 
-------------------------------------
|   8    |   4    |   2    |        |
-------------------------------------
|   8    |   4    |   2    |        |
-------------------------------------
|   16   |   2    |   4    |        |
-------------------------------------
|   8    |   64   |   16   |   2    |
-------------------------------------
Cocos2d: [112.9514] ==============moveLeft===============
Cocos2d: [112.9516] 
-------------------------------------
|   8    |   4    |   2    |        |
-------------------------------------
|   8    |   4    |   2    |   2    |
-------------------------------------
|   16   |   2    |   4    |        |
-------------------------------------
|   8    |   64   |   16   |   2    |
-------------------------------------
Cocos2d: [113.1754] ==============moveLeft===============
Cocos2d: [113.1755] 
-------------------------------------
|   8    |   4    |   2    |   2    |
-------------------------------------
|   8    |   4    |   4    |        |
-------------------------------------
|   16   |   2    |   4    |        |
-------------------------------------
|   8    |   64   |   16   |   2    |
-------------------------------------
Cocos2d: [113.3994] ==============moveLeft===============
Cocos2d: [113.3995] 
-------------------------------------
|   8    |   4    |   4    |        |
-------------------------------------
|   8    |   8    |   2    |        |
-------------------------------------
|   16   |   2    |   4    |        |
-------------------------------------
|   8    |   64   |   16   |   2    |
-------------------------------------
Cocos2d: [113.7434] ==============moveDown===============
Cocos2d: [113.7435] 
-------------------------------------
|        |   4    |   4    |   2    |
-------------------------------------
|   16   |   8    |   2    |        |
-------------------------------------
|   16   |   2    |   4    |        |
-------------------------------------
|   8    |   64   |   16   |   2    |
-------------------------------------
Cocos2d: [114.0074] ==============moveDown===============
Cocos2d: [114.0075] 
-------------------------------------
|        |   4    |   4    |        |
-------------------------------------
|        |   8    |   2    |        |
-------------------------------------
|   32   |   2    |   4    |   2    |
-------------------------------------
|   8    |   64   |   16   |   4    |
-------------------------------------
Cocos2d: [114.2554] ==============moveDown===============
Cocos2d: [114.2556] 
-------------------------------------
|        |   4    |   4    |        |
-------------------------------------
|        |   8    |   2    |   2    |
-------------------------------------
|   32   |   2    |   4    |   2    |
-------------------------------------
|   8    |   64   |   16   |   4    |
-------------------------------------
Cocos2d: [114.4634] ==============moveDown===============
Cocos2d: [114.4635] 
-------------------------------------
|        |   4    |   4    |        |
-------------------------------------
|        |   8    |   2    |   2    |
-------------------------------------
|   32   |   2    |   4    |   4    |
-------------------------------------
|   8    |   64   |   16   |   4    |
-------------------------------------
Cocos2d: [114.7119] ==============moveDown===============
Cocos2d: [114.7121] 
-------------------------------------
|        |   4    |   4    |        |
-------------------------------------
|        |   8    |   2    |   2    |
-------------------------------------
|   32   |   2    |   4    |   2    |
-------------------------------------
|   8    |   64   |   16   |   8    |
-------------------------------------
Cocos2d: [114.9435] ==============moveDown===============
Cocos2d: [114.9436] 
-------------------------------------
|        |   4    |   4    |        |
-------------------------------------
|        |   8    |   2    |   2    |
-------------------------------------
|   32   |   2    |   4    |   4    |
-------------------------------------
|   8    |   64   |   16   |   8    |
-------------------------------------
Cocos2d: [115.1754] ==============moveDown===============
Cocos2d: [115.1756] 
-------------------------------------
|        |   4    |   4    |        |
-------------------------------------
|   2    |   8    |   2    |   2    |
-------------------------------------
|   32   |   2    |   4    |   4    |
-------------------------------------
|   8    |   64   |   16   |   8    |
-------------------------------------
Cocos2d: [115.3914] ==============moveDown===============
Cocos2d: [115.3915] 
-------------------------------------
|        |   4    |   4    |   2    |
-------------------------------------
|   2    |   8    |   2    |   2    |
-------------------------------------
|   32   |   2    |   4    |   4    |
-------------------------------------
|   8    |   64   |   16   |   8    |
-------------------------------------
Cocos2d: [115.6315] ==============moveDown===============
Cocos2d: [115.6316] 
-------------------------------------
|   2    |   4    |   4    |        |
-------------------------------------
|   2    |   8    |   2    |   4    |
-------------------------------------
|   32   |   2    |   4    |   4    |
-------------------------------------
|   8    |   64   |   16   |   8    |
-------------------------------------
Cocos2d: [115.8635] ==============moveDown===============
Cocos2d: [115.8637] 
-------------------------------------
|        |   4    |   4    |        |
-------------------------------------
|   4    |   8    |   2    |   2    |
-------------------------------------
|   32   |   2    |   4    |   8    |
-------------------------------------
|   8    |   64   |   16   |   8    |
-------------------------------------
Cocos2d: [116.1221] ==============moveDown===============
Cocos2d: [116.1222] 
-------------------------------------
|   2    |   4    |   4    |        |
-------------------------------------
|   4    |   8    |   2    |        |
-------------------------------------
|   32   |   2    |   4    |   2    |
-------------------------------------
|   8    |   64   |   16   |   16   |
-------------------------------------
Cocos2d: [116.3835] ==============moveDown===============
Cocos2d: [116.3836] 
-------------------------------------
|   2    |   4    |   4    |   2    |
-------------------------------------
|   4    |   8    |   2    |        |
-------------------------------------
|   32   |   2    |   4    |   2    |
-------------------------------------
|   8    |   64   |   16   |   16   |
-------------------------------------
Cocos2d: [116.6216] ==============moveDown===============
Cocos2d: [116.6217] 
-------------------------------------
|   2    |   4    |   4    |   2    |
-------------------------------------
|   4    |   8    |   2    |        |
-------------------------------------
|   32   |   2    |   4    |   4    |
-------------------------------------
|   8    |   64   |   16   |   16   |
-------------------------------------
Cocos2d: [116.8635] ==============moveDown===============
Cocos2d: [116.8636] 
-------------------------------------
|   2    |   4    |   4    |   2    |
-------------------------------------
|   4    |   8    |   2    |   2    |
-------------------------------------
|   32   |   2    |   4    |   4    |
-------------------------------------
|   8    |   64   |   16   |   16   |
-------------------------------------
Cocos2d: [117.0875] ==============moveDown===============
Cocos2d: [117.0876] 
-------------------------------------
|   2    |   4    |   4    |   2    |
-------------------------------------
|   4    |   8    |   2    |   4    |
-------------------------------------
|   32   |   2    |   4    |   4    |
-------------------------------------
|   8    |   64   |   16   |   16   |
-------------------------------------
Cocos2d: [117.2875] ==============moveDown===============
Cocos2d: [117.2876] 
-------------------------------------
|   2    |   4    |   4    |   2    |
-------------------------------------
|   4    |   8    |   2    |   2    |
-------------------------------------
|   32   |   2    |   4    |   8    |
-------------------------------------
|   8    |   64   |   16   |   16   |
-------------------------------------
Cocos2d: [117.5355] ==============moveLeft===============
Cocos2d: [117.5356] 
-------------------------------------
|   2    |   8    |   2    |        |
-------------------------------------
|   4    |   8    |   4    |        |
-------------------------------------
|   32   |   2    |   4    |   8    |
-------------------------------------
|   8    |   64   |   32   |   2    |
-------------------------------------
Cocos2d: [117.7996] ==============moveLeft===============
Cocos2d: [117.7997] 
-------------------------------------
|   2    |   8    |   2    |   2    |
-------------------------------------
|   4    |   8    |   4    |        |
-------------------------------------
|   32   |   2    |   4    |   8    |
-------------------------------------
|   8    |   64   |   32   |   2    |
-------------------------------------
Cocos2d: [118.0396] ==============moveLeft===============
Cocos2d: [118.0396] 
-------------------------------------
|   2    |   8    |   4    |   2    |
-------------------------------------
|   4    |   8    |   4    |        |
-------------------------------------
|   32   |   2    |   4    |   8    |
-------------------------------------
|   8    |   64   |   32   |   2    |
-------------------------------------
Cocos2d: [118.2960] ==============moveLeft===============
Cocos2d: [118.2961] 
-------------------------------------
|   2    |   8    |   4    |   2    |
-------------------------------------
|   4    |   8    |   4    |   2    |
-------------------------------------
|   32   |   2    |   4    |   8    |
-------------------------------------
|   8    |   64   |   32   |   2    |
-------------------------------------
Cocos2d: [118.5035] ==============moveLeft===============
Cocos2d: [118.5036] 
-------------------------------------
|   2    |   8    |   4    |   2    |
-------------------------------------
|   4    |   8    |   4    |   2    |
-------------------------------------
|   32   |   2    |   4    |   8    |
-------------------------------------
|   8    |   64   |   32   |   2    |
-------------------------------------
Cocos2d: [118.7436] ==============moveLeft===============
Cocos2d: [118.7437] 
-------------------------------------
|   2    |   8    |   4    |   2    |
-------------------------------------
|   4    |   8    |   4    |   2    |
-------------------------------------
|   32   |   2    |   4    |   8    |
-------------------------------------
|   8    |   64   |   32   |   2    |
-------------------------------------
Cocos2d: [118.9756] ==============moveLeft===============
Cocos2d: [118.9756] 
-------------------------------------
|   2    |   8    |   4    |   2    |
-------------------------------------
|   4    |   8    |   4    |   2    |
-------------------------------------
|   32   |   2    |   4    |   8    |
-------------------------------------
|   8    |   64   |   32   |   2    |
-------------------------------------
Cocos2d: [119.1916] ==============moveLeft===============
Cocos2d: [119.1916] 
-------------------------------------
|   2    |   8    |   4    |   2    |
-------------------------------------
|   4    |   8    |   4    |   2    |
-------------------------------------
|   32   |   2    |   4    |   8    |
-------------------------------------
|   8    |   64   |   32   |   2    |
-------------------------------------
Cocos2d: [119.4875] ==============moveDown===============
Cocos2d: [119.4876] 
-------------------------------------
|   2    |   2    |        |        |
-------------------------------------
|   4    |   16   |   4    |   4    |
-------------------------------------
|   32   |   2    |   8    |   8    |
-------------------------------------
|   8    |   64   |   32   |   2    |
-------------------------------------
Cocos2d: [119.7356] ==============moveDown===============
Cocos2d: [119.7357] 
-------------------------------------
|   2    |   2    |   2    |        |
-------------------------------------
|   4    |   16   |   4    |   4    |
-------------------------------------
|   32   |   2    |   8    |   8    |
-------------------------------------
|   8    |   64   |   32   |   2    |
-------------------------------------
Cocos2d: [119.9596] ==============moveDown===============
Cocos2d: [119.9597] 
-------------------------------------
|   2    |   2    |   2    |   2    |
-------------------------------------
|   4    |   16   |   4    |   4    |
-------------------------------------
|   32   |   2    |   8    |   8    |
-------------------------------------
|   8    |   64   |   32   |   2    |
-------------------------------------
Cocos2d: [120.1756] ==============moveDown===============
Cocos2d: [120.1757] 
-------------------------------------
|   2    |   2    |   2    |   2    |
-------------------------------------
|   4    |   16   |   4    |   4    |
-------------------------------------
|   32   |   2    |   8    |   8    |
-------------------------------------
|   8    |   64   |   32   |   2    |
-------------------------------------
Cocos2d: [120.4075] ==============moveDown===============
Cocos2d: [120.4076] 
-------------------------------------
|   2    |   2    |   2    |   2    |
-------------------------------------
|   4    |   16   |   4    |   4    |
-------------------------------------
|   32   |   2    |   8    |   8    |
-------------------------------------
|   8    |   64   |   32   |   2    |
-------------------------------------
Cocos2d: [120.6962] ==============moveRight==============
Cocos2d: [120.6963] 
-------------------------------------
|        |        |   4    |   4    |
-------------------------------------
|        |   4    |   16   |   8    |
-------------------------------------
|   2    |   32   |   2    |   16   |
-------------------------------------
|   8    |   64   |   32   |   2    |
-------------------------------------
Cocos2d: [121.0716] ==============moveDown===============
Cocos2d: [121.0717] 
-------------------------------------
|        |        |   4    |   4    |
-------------------------------------
|   2    |   4    |   16   |   8    |
-------------------------------------
|   2    |   32   |   2    |   16   |
-------------------------------------
|   8    |   64   |   32   |   2    |
-------------------------------------
Cocos2d: [121.3356] ==============moveDown===============
Cocos2d: [121.3357] 
-------------------------------------
|   2    |        |   4    |   4    |
-------------------------------------
|        |   4    |   16   |   8    |
-------------------------------------
|   4    |   32   |   2    |   16   |
-------------------------------------
|   8    |   64   |   32   |   2    |
-------------------------------------
Cocos2d: [121.5836] ==============moveDown===============
Cocos2d: [121.5837] 
-------------------------------------
|        |   2    |   4    |   4    |
-------------------------------------
|   2    |   4    |   16   |   8    |
-------------------------------------
|   4    |   32   |   2    |   16   |
-------------------------------------
|   8    |   64   |   32   |   2    |
-------------------------------------
Cocos2d: [121.8236] ==============moveDown===============
Cocos2d: [121.8237] 
-------------------------------------
|   2    |   2    |   4    |   4    |
-------------------------------------
|   2    |   4    |   16   |   8    |
-------------------------------------
|   4    |   32   |   2    |   16   |
-------------------------------------
|   8    |   64   |   32   |   2    |
-------------------------------------
Cocos2d: [122.0637] ==============moveDown===============
Cocos2d: [122.0638] 
-------------------------------------
|   2    |   2    |   4    |   4    |
-------------------------------------
|   4    |   4    |   16   |   8    |
-------------------------------------
|   4    |   32   |   2    |   16   |
-------------------------------------
|   8    |   64   |   32   |   2    |
-------------------------------------
Cocos2d: [122.2720] ==============moveDown===============
Cocos2d: [122.2721] 
-------------------------------------
|   4    |   2    |   4    |   4    |
-------------------------------------
|   2    |   4    |   16   |   8    |
-------------------------------------
|   8    |   32   |   2    |   16   |
-------------------------------------
|   8    |   64   |   32   |   2    |
-------------------------------------
Cocos2d: [122.4396] ==============moveDown===============
Cocos2d: [122.4397] 
-------------------------------------
|   4    |   2    |   4    |   4    |
-------------------------------------
|   4    |   4    |   16   |   8    |
-------------------------------------
|   2    |   32   |   2    |   16   |
-------------------------------------
|   16   |   64   |   32   |   2    |
-------------------------------------
Cocos2d: [124.0797] ==============moveRight==============
Cocos2d: [124.0798] 
-------------------------------------
|   2    |   4    |   2    |   8    |
-------------------------------------
|        |   8    |   16   |   8    |
-------------------------------------
|   2    |   32   |   2    |   16   |
-------------------------------------
|   16   |   64   |   32   |   2    |
-------------------------------------
Cocos2d: [124.8716] ==============moveDown===============
Cocos2d: [124.8717] 
-------------------------------------
|        |   4    |   2    |   2    |
-------------------------------------
|        |   8    |   16   |   16   |
-------------------------------------
|   4    |   32   |   2    |   16   |
-------------------------------------
|   16   |   64   |   32   |   2    |
-------------------------------------
Cocos2d: [126.3037] ==============moveDown===============
Cocos2d: [126.3038] 
-------------------------------------
|        |   4    |   2    |   2    |
-------------------------------------
|        |   8    |   16   |   2    |
-------------------------------------
|   4    |   32   |   2    |   32   |
-------------------------------------
|   16   |   64   |   32   |   2    |
-------------------------------------
Cocos2d: [127.5123] ==============moveDown===============
Cocos2d: [127.5125] 
-------------------------------------
|        |   4    |   2    |        |
-------------------------------------
|   2    |   8    |   16   |   4    |
-------------------------------------
|   4    |   32   |   2    |   32   |
-------------------------------------
|   16   |   64   |   32   |   2    |
-------------------------------------
Cocos2d: [129.0398] ==============moveRight==============
Cocos2d: [129.0400] 
-------------------------------------
|        |   2    |   4    |   2    |
-------------------------------------
|   2    |   8    |   16   |   4    |
-------------------------------------
|   4    |   32   |   2    |   32   |
-------------------------------------
|   16   |   64   |   32   |   2    |
-------------------------------------
Cocos2d: [129.4963] ==============moveDown===============
Cocos2d: [129.4964] 
-------------------------------------
|   4    |   2    |   4    |   2    |
-------------------------------------
|   2    |   8    |   16   |   4    |
-------------------------------------
|   4    |   32   |   2    |   32   |
-------------------------------------
|   16   |   64   |   32   |   2    |
-------------------------------------
